[2024-02-19 15:32:37] local.ERROR: Method Illuminate\Database\Schema\Blueprint::VARCHAR does not exist. {"exception":"[object] (BadMethodCallException(code: 0): Method Illuminate\\Database\\Schema\\Blueprint::VARCHAR does not exist. at C:\\Users\\darre\\OneDrive\\Documents\\BINUS\\BNCC\\LnT\\Back End BE-6\\Mid Project\\midproject\\vendor\\laravel\\framework\\src\\Illuminate\\Macroable\\Traits\\Macroable.php:112)
[stacktrace]
#0 C:\\Users\\darre\\OneDrive\\Documents\\BINUS\\BNCC\\LnT\\Back End BE-6\\Mid Project\\midproject\\database\\migrations\\2024_02_19_151108_create_categories_table.php(16): Illuminate\\Database\\Schema\\Blueprint->__call('VARCHAR', Array)
#1 C:\\Users\\darre\\OneDrive\\Documents\\BINUS\\BNCC\\LnT\\Back End BE-6\\Mid Project\\midproject\\vendor\\laravel\\framework\\src\\Illuminate\\Database\\Schema\\Builder.php(459): Illuminate\\Database\\Migrations\\Migration@anonymous->{closure}(Object(Illuminate\\Database\\Schema\\Blueprint))
#2 C:\\Users\\darre\\OneDrive\\Documents\\BINUS\\BNCC\\LnT\\Back End BE-6\\Mid Project\\midproject\\vendor\\laravel\\framework\\src\\Illuminate\\Support\\helpers.php(307): Illuminate\\Database\\Schema\\Builder->Illuminate\\Database\\Schema\\{closure}(Object(Illuminate\\Database\\Schema\\Blueprint))
#3 C:\\Users\\darre\\OneDrive\\Documents\\BINUS\\BNCC\\LnT\\Back End BE-6\\Mid Project\\midproject\\vendor\\laravel\\framework\\src\\Illuminate\\Database\\Schema\\Builder.php(456): tap(Object(Illuminate\\Database\\Schema\\Blueprint), Object(Closure))
#4 C:\\Users\\darre\\OneDrive\\Documents\\BINUS\\BNCC\\LnT\\Back End BE-6\\Mid Project\\midproject\\vendor\\laravel\\framework\\src\\Illuminate\\Support\\Facades\\Facade.php(355): Illuminate\\Database\\Schema\\Builder->create('categories', Object(Closure))
#5 C:\\Users\\darre\\OneDrive\\Documents\\BINUS\\BNCC\\LnT\\Back End BE-6\\Mid Project\\midproject\\database\\migrations\\2024_02_19_151108_create_categories_table.php(14): Illuminate\\Support\\Facades\\Facade::__callStatic('create', Array)
#6 C:\\Users\\darre\\OneDrive\\Documents\\BINUS\\BNCC\\LnT\\Back End BE-6\\Mid Project\\midproject\\vendor\\laravel\\framework\\src\\Illuminate\\Database\\Migrations\\Migrator.php(493): Illuminate\\Database\\Migrations\\Migration@anonymous->up()
#7 C:\\Users\\darre\\OneDrive\\Documents\\BINUS\\BNCC\\LnT\\Back End BE-6\\Mid Project\\midproject\\vendor\\laravel\\framework\\src\\Illuminate\\Database\\Migrations\\Migrator.php(410): Illuminate\\Database\\Migrations\\Migrator->runMethod(Object(Illuminate\\Database\\MySqlConnection), Object(Illuminate\\Database\\Migrations\\Migration@anonymous), 'up')
#8 C:\\Users\\darre\\OneDrive\\Documents\\BINUS\\BNCC\\LnT\\Back End BE-6\\Mid Project\\midproject\\vendor\\laravel\\framework\\src\\Illuminate\\Database\\Migrations\\Migrator.php(419): Illuminate\\Database\\Migrations\\Migrator->Illuminate\\Database\\Migrations\\{closure}()
#9 C:\\Users\\darre\\OneDrive\\Documents\\BINUS\\BNCC\\LnT\\Back End BE-6\\Mid Project\\midproject\\vendor\\laravel\\framework\\src\\Illuminate\\Database\\Migrations\\Migrator.php(216): Illuminate\\Database\\Migrations\\Migrator->runMigration(Object(Illuminate\\Database\\Migrations\\Migration@anonymous), 'up')
#10 C:\\Users\\darre\\OneDrive\\Documents\\BINUS\\BNCC\\LnT\\Back End BE-6\\Mid Project\\midproject\\vendor\\laravel\\framework\\src\\Illuminate\\Console\\View\\Components\\Task.php(37): Illuminate\\Database\\Migrations\\Migrator->Illuminate\\Database\\Migrations\\{closure}()
#11 C:\\Users\\darre\\OneDrive\\Documents\\BINUS\\BNCC\\LnT\\Back End BE-6\\Mid Project\\midproject\\vendor\\laravel\\framework\\src\\Illuminate\\Database\\Migrations\\Migrator.php(756): Illuminate\\Console\\View\\Components\\Task->render('2024_02_19_1511...', Object(Closure))
#12 C:\\Users\\darre\\OneDrive\\Documents\\BINUS\\BNCC\\LnT\\Back End BE-6\\Mid Project\\midproject\\vendor\\laravel\\framework\\src\\Illuminate\\Database\\Migrations\\Migrator.php(216): Illuminate\\Database\\Migrations\\Migrator->write('Illuminate\\\\Cons...', '2024_02_19_1511...', Object(Closure))
#13 C:\\Users\\darre\\OneDrive\\Documents\\BINUS\\BNCC\\LnT\\Back End BE-6\\Mid Project\\midproject\\vendor\\laravel\\framework\\src\\Illuminate\\Database\\Migrations\\Migrator.php(181): Illuminate\\Database\\Migrations\\Migrator->runUp('C:\\\\Users\\\\darre\\\\...', 1, false)
#14 C:\\Users\\darre\\OneDrive\\Documents\\BINUS\\BNCC\\LnT\\Back End BE-6\\Mid Project\\midproject\\vendor\\laravel\\framework\\src\\Illuminate\\Database\\Migrations\\Migrator.php(124): Illuminate\\Database\\Migrations\\Migrator->runPending(Array, Array)
#15 C:\\Users\\darre\\OneDrive\\Documents\\BINUS\\BNCC\\LnT\\Back End BE-6\\Mid Project\\midproject\\vendor\\laravel\\framework\\src\\Illuminate\\Database\\Console\\Migrations\\MigrateCommand.php(90): Illuminate\\Database\\Migrations\\Migrator->run(Array, Array)
#16 C:\\Users\\darre\\OneDrive\\Documents\\BINUS\\BNCC\\LnT\\Back End BE-6\\Mid Project\\midproject\\vendor\\laravel\\framework\\src\\Illuminate\\Database\\Migrations\\Migrator.php(633): Illuminate\\Database\\Console\\Migrations\\MigrateCommand->Illuminate\\Database\\Console\\Migrations\\{closure}()
#17 C:\\Users\\darre\\OneDrive\\Documents\\BINUS\\BNCC\\LnT\\Back End BE-6\\Mid Project\\midproject\\vendor\\laravel\\framework\\src\\Illuminate\\Database\\Console\\Migrations\\MigrateCommand.php(83): Illuminate\\Database\\Migrations\\Migrator->usingConnection(NULL, Object(Closure))
#18 C:\\Users\\darre\\OneDrive\\Documents\\BINUS\\BNCC\\LnT\\Back End BE-6\\Mid Project\\midproject\\vendor\\laravel\\framework\\src\\Illuminate\\Container\\BoundMethod.php(36): Illuminate\\Database\\Console\\Migrations\\MigrateCommand->handle()
#19 C:\\Users\\darre\\OneDrive\\Documents\\BINUS\\BNCC\\LnT\\Back End BE-6\\Mid Project\\midproject\\vendor\\laravel\\framework\\src\\Illuminate\\Container\\Util.php(41): Illuminate\\Container\\BoundMethod::Illuminate\\Container\\{closure}()
#20 C:\\Users\\darre\\OneDrive\\Documents\\BINUS\\BNCC\\LnT\\Back End BE-6\\Mid Project\\midproject\\vendor\\laravel\\framework\\src\\Illuminate\\Container\\BoundMethod.php(93): Illuminate\\Container\\Util::unwrapIfClosure(Object(Closure))
#21 C:\\Users\\darre\\OneDrive\\Documents\\BINUS\\BNCC\\LnT\\Back End BE-6\\Mid Project\\midproject\\vendor\\laravel\\framework\\src\\Illuminate\\Container\\BoundMethod.php(35): Illuminate\\Container\\BoundMethod::callBoundMethod(Object(Illuminate\\Foundation\\Application), Array, Object(Closure))
#22 C:\\Users\\darre\\OneDrive\\Documents\\BINUS\\BNCC\\LnT\\Back End BE-6\\Mid Project\\midproject\\vendor\\laravel\\framework\\src\\Illuminate\\Container\\Container.php(662): Illuminate\\Container\\BoundMethod::call(Object(Illuminate\\Foundation\\Application), Array, Array, NULL)
#23 C:\\Users\\darre\\OneDrive\\Documents\\BINUS\\BNCC\\LnT\\Back End BE-6\\Mid Project\\midproject\\vendor\\laravel\\framework\\src\\Illuminate\\Console\\Command.php(211): Illuminate\\Container\\Container->call(Array)
#24 C:\\Users\\darre\\OneDrive\\Documents\\BINUS\\BNCC\\LnT\\Back End BE-6\\Mid Project\\midproject\\vendor\\symfony\\console\\Command\\Command.php(326): Illuminate\\Console\\Command->execute(Object(Symfony\\Component\\Console\\Input\\ArgvInput), Object(Illuminate\\Console\\OutputStyle))
#25 C:\\Users\\darre\\OneDrive\\Documents\\BINUS\\BNCC\\LnT\\Back End BE-6\\Mid Project\\midproject\\vendor\\laravel\\framework\\src\\Illuminate\\Console\\Command.php(180): Symfony\\Component\\Console\\Command\\Command->run(Object(Symfony\\Component\\Console\\Input\\ArgvInput), Object(Illuminate\\Console\\OutputStyle))
#26 C:\\Users\\darre\\OneDrive\\Documents\\BINUS\\BNCC\\LnT\\Back End BE-6\\Mid Project\\midproject\\vendor\\symfony\\console\\Application.php(1096): Illuminate\\Console\\Command->run(Object(Symfony\\Component\\Console\\Input\\ArgvInput), Object(Symfony\\Component\\Console\\Output\\ConsoleOutput))
#27 C:\\Users\\darre\\OneDrive\\Documents\\BINUS\\BNCC\\LnT\\Back End BE-6\\Mid Project\\midproject\\vendor\\symfony\\console\\Application.php(324): Symfony\\Component\\Console\\Application->doRunCommand(Object(Illuminate\\Database\\Console\\Migrations\\MigrateCommand), Object(Symfony\\Component\\Console\\Input\\ArgvInput), Object(Symfony\\Component\\Console\\Output\\ConsoleOutput))
#28 C:\\Users\\darre\\OneDrive\\Documents\\BINUS\\BNCC\\LnT\\Back End BE-6\\Mid Project\\midproject\\vendor\\symfony\\console\\Application.php(175): Symfony\\Component\\Console\\Application->doRun(Object(Symfony\\Component\\Console\\Input\\ArgvInput), Object(Symfony\\Component\\Console\\Output\\ConsoleOutput))
#29 C:\\Users\\darre\\OneDrive\\Documents\\BINUS\\BNCC\\LnT\\Back End BE-6\\Mid Project\\midproject\\vendor\\laravel\\framework\\src\\Illuminate\\Foundation\\Console\\Kernel.php(201): Symfony\\Component\\Console\\Application->run(Object(Symfony\\Component\\Console\\Input\\ArgvInput), Object(Symfony\\Component\\Console\\Output\\ConsoleOutput))
#30 C:\\Users\\darre\\OneDrive\\Documents\\BINUS\\BNCC\\LnT\\Back End BE-6\\Mid Project\\midproject\\artisan(35): Illuminate\\Foundation\\Console\\Kernel->handle(Object(Symfony\\Component\\Console\\Input\\ArgvInput), Object(Symfony\\Component\\Console\\Output\\ConsoleOutput))
#31 {main}
"} 
[2024-02-19 15:47:49] local.ERROR: Unable to locate a class or view for component [app-web-layout]. {"exception":"[object] (InvalidArgumentException(code: 0): Unable to locate a class or view for component [app-web-layout]. at C:\\Users\\darre\\OneDrive\\Documents\\BINUS\\BNCC\\LnT\\Back End BE-6\\Mid Project\\midproject\\vendor\\laravel\\framework\\src\\Illuminate\\View\\Compilers\\ComponentTagCompiler.php:311)
[stacktrace]
#0 C:\\Users\\darre\\OneDrive\\Documents\\BINUS\\BNCC\\LnT\\Back End BE-6\\Mid Project\\midproject\\vendor\\laravel\\framework\\src\\Illuminate\\View\\Compilers\\ComponentTagCompiler.php(235): Illuminate\\View\\Compilers\\ComponentTagCompiler->componentClass('app-web-layout')
#1 C:\\Users\\darre\\OneDrive\\Documents\\BINUS\\BNCC\\LnT\\Back End BE-6\\Mid Project\\midproject\\vendor\\laravel\\framework\\src\\Illuminate\\View\\Compilers\\ComponentTagCompiler.php(156): Illuminate\\View\\Compilers\\ComponentTagCompiler->componentString('app-web-layout', Array)
#2 [internal function]: Illuminate\\View\\Compilers\\ComponentTagCompiler->Illuminate\\View\\Compilers\\{closure}(Array)
#3 C:\\Users\\darre\\OneDrive\\Documents\\BINUS\\BNCC\\LnT\\Back End BE-6\\Mid Project\\midproject\\vendor\\laravel\\framework\\src\\Illuminate\\View\\Compilers\\ComponentTagCompiler.php(151): preg_replace_callback('/\\n            <...', Object(Closure), '<x-app-web-layo...')
#4 C:\\Users\\darre\\OneDrive\\Documents\\BINUS\\BNCC\\LnT\\Back End BE-6\\Mid Project\\midproject\\vendor\\laravel\\framework\\src\\Illuminate\\View\\Compilers\\ComponentTagCompiler.php(90): Illuminate\\View\\Compilers\\ComponentTagCompiler->compileOpeningTags('<x-app-web-layo...')
#5 C:\\Users\\darre\\OneDrive\\Documents\\BINUS\\BNCC\\LnT\\Back End BE-6\\Mid Project\\midproject\\vendor\\laravel\\framework\\src\\Illuminate\\View\\Compilers\\ComponentTagCompiler.php(76): Illuminate\\View\\Compilers\\ComponentTagCompiler->compileTags('<x-app-web-layo...')
#6 C:\\Users\\darre\\OneDrive\\Documents\\BINUS\\BNCC\\LnT\\Back End BE-6\\Mid Project\\midproject\\vendor\\laravel\\framework\\src\\Illuminate\\View\\Compilers\\BladeCompiler.php(438): Illuminate\\View\\Compilers\\ComponentTagCompiler->compile('<x-app-web-layo...')
#7 C:\\Users\\darre\\OneDrive\\Documents\\BINUS\\BNCC\\LnT\\Back End BE-6\\Mid Project\\midproject\\vendor\\laravel\\framework\\src\\Illuminate\\View\\Compilers\\BladeCompiler.php(270): Illuminate\\View\\Compilers\\BladeCompiler->compileComponentTags('<x-app-web-layo...')
#8 C:\\Users\\darre\\OneDrive\\Documents\\BINUS\\BNCC\\LnT\\Back End BE-6\\Mid Project\\midproject\\vendor\\laravel\\framework\\src\\Illuminate\\View\\Compilers\\BladeCompiler.php(184): Illuminate\\View\\Compilers\\BladeCompiler->compileString('<x-app-web-layo...')
#9 C:\\Users\\darre\\OneDrive\\Documents\\BINUS\\BNCC\\LnT\\Back End BE-6\\Mid Project\\midproject\\vendor\\laravel\\framework\\src\\Illuminate\\View\\Engines\\CompilerEngine.php(64): Illuminate\\View\\Compilers\\BladeCompiler->compile('C:\\\\Users\\\\darre\\\\...')
#10 C:\\Users\\darre\\OneDrive\\Documents\\BINUS\\BNCC\\LnT\\Back End BE-6\\Mid Project\\midproject\\vendor\\laravel\\framework\\src\\Illuminate\\View\\View.php(207): Illuminate\\View\\Engines\\CompilerEngine->get('C:\\\\Users\\\\darre\\\\...', Array)
#11 C:\\Users\\darre\\OneDrive\\Documents\\BINUS\\BNCC\\LnT\\Back End BE-6\\Mid Project\\midproject\\vendor\\laravel\\framework\\src\\Illuminate\\View\\View.php(190): Illuminate\\View\\View->getContents()
#12 C:\\Users\\darre\\OneDrive\\Documents\\BINUS\\BNCC\\LnT\\Back End BE-6\\Mid Project\\midproject\\vendor\\laravel\\framework\\src\\Illuminate\\View\\View.php(159): Illuminate\\View\\View->renderContents()
#13 C:\\Users\\darre\\OneDrive\\Documents\\BINUS\\BNCC\\LnT\\Back End BE-6\\Mid Project\\midproject\\vendor\\laravel\\framework\\src\\Illuminate\\Http\\Response.php(69): Illuminate\\View\\View->render()
#14 C:\\Users\\darre\\OneDrive\\Documents\\BINUS\\BNCC\\LnT\\Back End BE-6\\Mid Project\\midproject\\vendor\\laravel\\framework\\src\\Illuminate\\Http\\Response.php(35): Illuminate\\Http\\Response->setContent(Object(Illuminate\\View\\View))
#15 C:\\Users\\darre\\OneDrive\\Documents\\BINUS\\BNCC\\LnT\\Back End BE-6\\Mid Project\\midproject\\vendor\\laravel\\framework\\src\\Illuminate\\Routing\\Router.php(918): Illuminate\\Http\\Response->__construct(Object(Illuminate\\View\\View), 200, Array)
#16 C:\\Users\\darre\\OneDrive\\Documents\\BINUS\\BNCC\\LnT\\Back End BE-6\\Mid Project\\midproject\\vendor\\laravel\\framework\\src\\Illuminate\\Routing\\Router.php(885): Illuminate\\Routing\\Router::toResponse(Object(Illuminate\\Http\\Request), Object(Illuminate\\View\\View))
#17 C:\\Users\\darre\\OneDrive\\Documents\\BINUS\\BNCC\\LnT\\Back End BE-6\\Mid Project\\midproject\\vendor\\laravel\\framework\\src\\Illuminate\\Routing\\Router.php(805): Illuminate\\Routing\\Router->prepareResponse(Object(Illuminate\\Http\\Request), Object(Illuminate\\View\\View))
#18 C:\\Users\\darre\\OneDrive\\Documents\\BINUS\\BNCC\\LnT\\Back End BE-6\\Mid Project\\midproject\\vendor\\laravel\\framework\\src\\Illuminate\\Pipeline\\Pipeline.php(144): Illuminate\\Routing\\Router->Illuminate\\Routing\\{closure}(Object(Illuminate\\Http\\Request))
#19 C:\\Users\\darre\\OneDrive\\Documents\\BINUS\\BNCC\\LnT\\Back End BE-6\\Mid Project\\midproject\\vendor\\laravel\\framework\\src\\Illuminate\\Routing\\Middleware\\SubstituteBindings.php(50): Illuminate\\Pipeline\\Pipeline->Illuminate\\Pipeline\\{closure}(Object(Illuminate\\Http\\Request))
#20 C:\\Users\\darre\\OneDrive\\Documents\\BINUS\\BNCC\\LnT\\Back End BE-6\\Mid Project\\midproject\\vendor\\laravel\\framework\\src\\Illuminate\\Pipeline\\Pipeline.php(183): Illuminate\\Routing\\Middleware\\SubstituteBindings->handle(Object(Illuminate\\Http\\Request), Object(Closure))
#21 C:\\Users\\darre\\OneDrive\\Documents\\BINUS\\BNCC\\LnT\\Back End BE-6\\Mid Project\\midproject\\vendor\\laravel\\framework\\src\\Illuminate\\Foundation\\Http\\Middleware\\VerifyCsrfToken.php(78): Illuminate\\Pipeline\\Pipeline->Illuminate\\Pipeline\\{closure}(Object(Illuminate\\Http\\Request))
#22 C:\\Users\\darre\\OneDrive\\Documents\\BINUS\\BNCC\\LnT\\Back End BE-6\\Mid Project\\midproject\\vendor\\laravel\\framework\\src\\Illuminate\\Pipeline\\Pipeline.php(183): Illuminate\\Foundation\\Http\\Middleware\\VerifyCsrfToken->handle(Object(Illuminate\\Http\\Request), Object(Closure))
#23 C:\\Users\\darre\\OneDrive\\Documents\\BINUS\\BNCC\\LnT\\Back End BE-6\\Mid Project\\midproject\\vendor\\laravel\\framework\\src\\Illuminate\\View\\Middleware\\ShareErrorsFromSession.php(49): Illuminate\\Pipeline\\Pipeline->Illuminate\\Pipeline\\{closure}(Object(Illuminate\\Http\\Request))
#24 C:\\Users\\darre\\OneDrive\\Documents\\BINUS\\BNCC\\LnT\\Back End BE-6\\Mid Project\\midproject\\vendor\\laravel\\framework\\src\\Illuminate\\Pipeline\\Pipeline.php(183): Illuminate\\View\\Middleware\\ShareErrorsFromSession->handle(Object(Illuminate\\Http\\Request), Object(Closure))
#25 C:\\Users\\darre\\OneDrive\\Documents\\BINUS\\BNCC\\LnT\\Back End BE-6\\Mid Project\\midproject\\vendor\\laravel\\framework\\src\\Illuminate\\Session\\Middleware\\StartSession.php(121): Illuminate\\Pipeline\\Pipeline->Illuminate\\Pipeline\\{closure}(Object(Illuminate\\Http\\Request))
#26 C:\\Users\\darre\\OneDrive\\Documents\\BINUS\\BNCC\\LnT\\Back End BE-6\\Mid Project\\midproject\\vendor\\laravel\\framework\\src\\Illuminate\\Session\\Middleware\\StartSession.php(64): Illuminate\\Session\\Middleware\\StartSession->handleStatefulRequest(Object(Illuminate\\Http\\Request), Object(Illuminate\\Session\\Store), Object(Closure))
#27 C:\\Users\\darre\\OneDrive\\Documents\\BINUS\\BNCC\\LnT\\Back End BE-6\\Mid Project\\midproject\\vendor\\laravel\\framework\\src\\Illuminate\\Pipeline\\Pipeline.php(183): Illuminate\\Session\\Middleware\\StartSession->handle(Object(Illuminate\\Http\\Request), Object(Closure))
#28 C:\\Users\\darre\\OneDrive\\Documents\\BINUS\\BNCC\\LnT\\Back End BE-6\\Mid Project\\midproject\\vendor\\laravel\\framework\\src\\Illuminate\\Cookie\\Middleware\\AddQueuedCookiesToResponse.php(37): Illuminate\\Pipeline\\Pipeline->Illuminate\\Pipeline\\{closure}(Object(Illuminate\\Http\\Request))
#29 C:\\Users\\darre\\OneDrive\\Documents\\BINUS\\BNCC\\LnT\\Back End BE-6\\Mid Project\\midproject\\vendor\\laravel\\framework\\src\\Illuminate\\Pipeline\\Pipeline.php(183): Illuminate\\Cookie\\Middleware\\AddQueuedCookiesToResponse->handle(Object(Illuminate\\Http\\Request), Object(Closure))
#30 C:\\Users\\darre\\OneDrive\\Documents\\BINUS\\BNCC\\LnT\\Back End BE-6\\Mid Project\\midproject\\vendor\\laravel\\framework\\src\\Illuminate\\Cookie\\Middleware\\EncryptCookies.php(67): Illuminate\\Pipeline\\Pipeline->Illuminate\\Pipeline\\{closure}(Object(Illuminate\\Http\\Request))
#31 C:\\Users\\darre\\OneDrive\\Documents\\BINUS\\BNCC\\LnT\\Back End BE-6\\Mid Project\\midproject\\vendor\\laravel\\framework\\src\\Illuminate\\Pipeline\\Pipeline.php(183): Illuminate\\Cookie\\Middleware\\EncryptCookies->handle(Object(Illuminate\\Http\\Request), Object(Closure))
#32 C:\\Users\\darre\\OneDrive\\Documents\\BINUS\\BNCC\\LnT\\Back End BE-6\\Mid Project\\midproject\\vendor\\laravel\\framework\\src\\Illuminate\\Pipeline\\Pipeline.php(119): Illuminate\\Pipeline\\Pipeline->Illuminate\\Pipeline\\{closure}(Object(Illuminate\\Http\\Request))
#33 C:\\Users\\darre\\OneDrive\\Documents\\BINUS\\BNCC\\LnT\\Back End BE-6\\Mid Project\\midproject\\vendor\\laravel\\framework\\src\\Illuminate\\Routing\\Router.php(805): Illuminate\\Pipeline\\Pipeline->then(Object(Closure))
#34 C:\\Users\\darre\\OneDrive\\Documents\\BINUS\\BNCC\\LnT\\Back End BE-6\\Mid Project\\midproject\\vendor\\laravel\\framework\\src\\Illuminate\\Routing\\Router.php(784): Illuminate\\Routing\\Router->runRouteWithinStack(Object(Illuminate\\Routing\\Route), Object(Illuminate\\Http\\Request))
#35 C:\\Users\\darre\\OneDrive\\Documents\\BINUS\\BNCC\\LnT\\Back End BE-6\\Mid Project\\midproject\\vendor\\laravel\\framework\\src\\Illuminate\\Routing\\Router.php(748): Illuminate\\Routing\\Router->runRoute(Object(Illuminate\\Http\\Request), Object(Illuminate\\Routing\\Route))
#36 C:\\Users\\darre\\OneDrive\\Documents\\BINUS\\BNCC\\LnT\\Back End BE-6\\Mid Project\\midproject\\vendor\\laravel\\framework\\src\\Illuminate\\Routing\\Router.php(737): Illuminate\\Routing\\Router->dispatchToRoute(Object(Illuminate\\Http\\Request))
#37 C:\\Users\\darre\\OneDrive\\Documents\\BINUS\\BNCC\\LnT\\Back End BE-6\\Mid Project\\midproject\\vendor\\laravel\\framework\\src\\Illuminate\\Foundation\\Http\\Kernel.php(200): Illuminate\\Routing\\Router->dispatch(Object(Illuminate\\Http\\Request))
#38 C:\\Users\\darre\\OneDrive\\Documents\\BINUS\\BNCC\\LnT\\Back End BE-6\\Mid Project\\midproject\\vendor\\laravel\\framework\\src\\Illuminate\\Pipeline\\Pipeline.php(144): Illuminate\\Foundation\\Http\\Kernel->Illuminate\\Foundation\\Http\\{closure}(Object(Illuminate\\Http\\Request))
#39 C:\\Users\\darre\\OneDrive\\Documents\\BINUS\\BNCC\\LnT\\Back End BE-6\\Mid Project\\midproject\\vendor\\laravel\\framework\\src\\Illuminate\\Foundation\\Http\\Middleware\\TransformsRequest.php(21): Illuminate\\Pipeline\\Pipeline->Illuminate\\Pipeline\\{closure}(Object(Illuminate\\Http\\Request))
#40 C:\\Users\\darre\\OneDrive\\Documents\\BINUS\\BNCC\\LnT\\Back End BE-6\\Mid Project\\midproject\\vendor\\laravel\\framework\\src\\Illuminate\\Foundation\\Http\\Middleware\\ConvertEmptyStringsToNull.php(31): Illuminate\\Foundation\\Http\\Middleware\\TransformsRequest->handle(Object(Illuminate\\Http\\Request), Object(Closure))
#41 C:\\Users\\darre\\OneDrive\\Documents\\BINUS\\BNCC\\LnT\\Back End BE-6\\Mid Project\\midproject\\vendor\\laravel\\framework\\src\\Illuminate\\Pipeline\\Pipeline.php(183): Illuminate\\Foundation\\Http\\Middleware\\ConvertEmptyStringsToNull->handle(Object(Illuminate\\Http\\Request), Object(Closure))
#42 C:\\Users\\darre\\OneDrive\\Documents\\BINUS\\BNCC\\LnT\\Back End BE-6\\Mid Project\\midproject\\vendor\\laravel\\framework\\src\\Illuminate\\Foundation\\Http\\Middleware\\TransformsRequest.php(21): Illuminate\\Pipeline\\Pipeline->Illuminate\\Pipeline\\{closure}(Object(Illuminate\\Http\\Request))
#43 C:\\Users\\darre\\OneDrive\\Documents\\BINUS\\BNCC\\LnT\\Back End BE-6\\Mid Project\\midproject\\vendor\\laravel\\framework\\src\\Illuminate\\Foundation\\Http\\Middleware\\TrimStrings.php(40): Illuminate\\Foundation\\Http\\Middleware\\TransformsRequest->handle(Object(Illuminate\\Http\\Request), Object(Closure))
#44 C:\\Users\\darre\\OneDrive\\Documents\\BINUS\\BNCC\\LnT\\Back End BE-6\\Mid Project\\midproject\\vendor\\laravel\\framework\\src\\Illuminate\\Pipeline\\Pipeline.php(183): Illuminate\\Foundation\\Http\\Middleware\\TrimStrings->handle(Object(Illuminate\\Http\\Request), Object(Closure))
#45 C:\\Users\\darre\\OneDrive\\Documents\\BINUS\\BNCC\\LnT\\Back End BE-6\\Mid Project\\midproject\\vendor\\laravel\\framework\\src\\Illuminate\\Foundation\\Http\\Middleware\\ValidatePostSize.php(27): Illuminate\\Pipeline\\Pipeline->Illuminate\\Pipeline\\{closure}(Object(Illuminate\\Http\\Request))
#46 C:\\Users\\darre\\OneDrive\\Documents\\BINUS\\BNCC\\LnT\\Back End BE-6\\Mid Project\\midproject\\vendor\\laravel\\framework\\src\\Illuminate\\Pipeline\\Pipeline.php(183): Illuminate\\Foundation\\Http\\Middleware\\ValidatePostSize->handle(Object(Illuminate\\Http\\Request), Object(Closure))
#47 C:\\Users\\darre\\OneDrive\\Documents\\BINUS\\BNCC\\LnT\\Back End BE-6\\Mid Project\\midproject\\vendor\\laravel\\framework\\src\\Illuminate\\Foundation\\Http\\Middleware\\PreventRequestsDuringMaintenance.php(99): Illuminate\\Pipeline\\Pipeline->Illuminate\\Pipeline\\{closure}(Object(Illuminate\\Http\\Request))
#48 C:\\Users\\darre\\OneDrive\\Documents\\BINUS\\BNCC\\LnT\\Back End BE-6\\Mid Project\\midproject\\vendor\\laravel\\framework\\src\\Illuminate\\Pipeline\\Pipeline.php(183): Illuminate\\Foundation\\Http\\Middleware\\PreventRequestsDuringMaintenance->handle(Object(Illuminate\\Http\\Request), Object(Closure))
#49 C:\\Users\\darre\\OneDrive\\Documents\\BINUS\\BNCC\\LnT\\Back End BE-6\\Mid Project\\midproject\\vendor\\laravel\\framework\\src\\Illuminate\\Http\\Middleware\\HandleCors.php(49): Illuminate\\Pipeline\\Pipeline->Illuminate\\Pipeline\\{closure}(Object(Illuminate\\Http\\Request))
#50 C:\\Users\\darre\\OneDrive\\Documents\\BINUS\\BNCC\\LnT\\Back End BE-6\\Mid Project\\midproject\\vendor\\laravel\\framework\\src\\Illuminate\\Pipeline\\Pipeline.php(183): Illuminate\\Http\\Middleware\\HandleCors->handle(Object(Illuminate\\Http\\Request), Object(Closure))
#51 C:\\Users\\darre\\OneDrive\\Documents\\BINUS\\BNCC\\LnT\\Back End BE-6\\Mid Project\\midproject\\vendor\\laravel\\framework\\src\\Illuminate\\Http\\Middleware\\TrustProxies.php(39): Illuminate\\Pipeline\\Pipeline->Illuminate\\Pipeline\\{closure}(Object(Illuminate\\Http\\Request))
#52 C:\\Users\\darre\\OneDrive\\Documents\\BINUS\\BNCC\\LnT\\Back End BE-6\\Mid Project\\midproject\\vendor\\laravel\\framework\\src\\Illuminate\\Pipeline\\Pipeline.php(183): Illuminate\\Http\\Middleware\\TrustProxies->handle(Object(Illuminate\\Http\\Request), Object(Closure))
#53 C:\\Users\\darre\\OneDrive\\Documents\\BINUS\\BNCC\\LnT\\Back End BE-6\\Mid Project\\midproject\\vendor\\laravel\\framework\\src\\Illuminate\\Pipeline\\Pipeline.php(119): Illuminate\\Pipeline\\Pipeline->Illuminate\\Pipeline\\{closure}(Object(Illuminate\\Http\\Request))
#54 C:\\Users\\darre\\OneDrive\\Documents\\BINUS\\BNCC\\LnT\\Back End BE-6\\Mid Project\\midproject\\vendor\\laravel\\framework\\src\\Illuminate\\Foundation\\Http\\Kernel.php(175): Illuminate\\Pipeline\\Pipeline->then(Object(Closure))
#55 C:\\Users\\darre\\OneDrive\\Documents\\BINUS\\BNCC\\LnT\\Back End BE-6\\Mid Project\\midproject\\vendor\\laravel\\framework\\src\\Illuminate\\Foundation\\Http\\Kernel.php(144): Illuminate\\Foundation\\Http\\Kernel->sendRequestThroughRouter(Object(Illuminate\\Http\\Request))
#56 C:\\Users\\darre\\OneDrive\\Documents\\BINUS\\BNCC\\LnT\\Back End BE-6\\Mid Project\\midproject\\public\\index.php(51): Illuminate\\Foundation\\Http\\Kernel->handle(Object(Illuminate\\Http\\Request))
#57 C:\\Users\\darre\\OneDrive\\Documents\\BINUS\\BNCC\\LnT\\Back End BE-6\\Mid Project\\midproject\\vendor\\laravel\\framework\\src\\Illuminate\\Foundation\\resources\\server.php(16): require_once('C:\\\\Users\\\\darre\\\\...')
#58 {main}
"} 
[2024-02-19 15:47:50] local.ERROR: Unable to locate a class or view for component [app-web-layout]. {"exception":"[object] (InvalidArgumentException(code: 0): Unable to locate a class or view for component [app-web-layout]. at C:\\Users\\darre\\OneDrive\\Documents\\BINUS\\BNCC\\LnT\\Back End BE-6\\Mid Project\\midproject\\vendor\\laravel\\framework\\src\\Illuminate\\View\\Compilers\\ComponentTagCompiler.php:311)
[stacktrace]
#0 C:\\Users\\darre\\OneDrive\\Documents\\BINUS\\BNCC\\LnT\\Back End BE-6\\Mid Project\\midproject\\vendor\\laravel\\framework\\src\\Illuminate\\View\\Compilers\\ComponentTagCompiler.php(235): Illuminate\\View\\Compilers\\ComponentTagCompiler->componentClass('app-web-layout')
#1 C:\\Users\\darre\\OneDrive\\Documents\\BINUS\\BNCC\\LnT\\Back End BE-6\\Mid Project\\midproject\\vendor\\laravel\\framework\\src\\Illuminate\\View\\Compilers\\ComponentTagCompiler.php(156): Illuminate\\View\\Compilers\\ComponentTagCompiler->componentString('app-web-layout', Array)
#2 [internal function]: Illuminate\\View\\Compilers\\ComponentTagCompiler->Illuminate\\View\\Compilers\\{closure}(Array)
#3 C:\\Users\\darre\\OneDrive\\Documents\\BINUS\\BNCC\\LnT\\Back End BE-6\\Mid Project\\midproject\\vendor\\laravel\\framework\\src\\Illuminate\\View\\Compilers\\ComponentTagCompiler.php(151): preg_replace_callback('/\\n            <...', Object(Closure), '<x-app-web-layo...')
#4 C:\\Users\\darre\\OneDrive\\Documents\\BINUS\\BNCC\\LnT\\Back End BE-6\\Mid Project\\midproject\\vendor\\laravel\\framework\\src\\Illuminate\\View\\Compilers\\ComponentTagCompiler.php(90): Illuminate\\View\\Compilers\\ComponentTagCompiler->compileOpeningTags('<x-app-web-layo...')
#5 C:\\Users\\darre\\OneDrive\\Documents\\BINUS\\BNCC\\LnT\\Back End BE-6\\Mid Project\\midproject\\vendor\\laravel\\framework\\src\\Illuminate\\View\\Compilers\\ComponentTagCompiler.php(76): Illuminate\\View\\Compilers\\ComponentTagCompiler->compileTags('<x-app-web-layo...')
#6 C:\\Users\\darre\\OneDrive\\Documents\\BINUS\\BNCC\\LnT\\Back End BE-6\\Mid Project\\midproject\\vendor\\laravel\\framework\\src\\Illuminate\\View\\Compilers\\BladeCompiler.php(438): Illuminate\\View\\Compilers\\ComponentTagCompiler->compile('<x-app-web-layo...')
#7 C:\\Users\\darre\\OneDrive\\Documents\\BINUS\\BNCC\\LnT\\Back End BE-6\\Mid Project\\midproject\\vendor\\laravel\\framework\\src\\Illuminate\\View\\Compilers\\BladeCompiler.php(270): Illuminate\\View\\Compilers\\BladeCompiler->compileComponentTags('<x-app-web-layo...')
#8 C:\\Users\\darre\\OneDrive\\Documents\\BINUS\\BNCC\\LnT\\Back End BE-6\\Mid Project\\midproject\\vendor\\laravel\\framework\\src\\Illuminate\\View\\Compilers\\BladeCompiler.php(184): Illuminate\\View\\Compilers\\BladeCompiler->compileString('<x-app-web-layo...')
#9 C:\\Users\\darre\\OneDrive\\Documents\\BINUS\\BNCC\\LnT\\Back End BE-6\\Mid Project\\midproject\\vendor\\laravel\\framework\\src\\Illuminate\\View\\Engines\\CompilerEngine.php(64): Illuminate\\View\\Compilers\\BladeCompiler->compile('C:\\\\Users\\\\darre\\\\...')
#10 C:\\Users\\darre\\OneDrive\\Documents\\BINUS\\BNCC\\LnT\\Back End BE-6\\Mid Project\\midproject\\vendor\\laravel\\framework\\src\\Illuminate\\View\\View.php(207): Illuminate\\View\\Engines\\CompilerEngine->get('C:\\\\Users\\\\darre\\\\...', Array)
#11 C:\\Users\\darre\\OneDrive\\Documents\\BINUS\\BNCC\\LnT\\Back End BE-6\\Mid Project\\midproject\\vendor\\laravel\\framework\\src\\Illuminate\\View\\View.php(190): Illuminate\\View\\View->getContents()
#12 C:\\Users\\darre\\OneDrive\\Documents\\BINUS\\BNCC\\LnT\\Back End BE-6\\Mid Project\\midproject\\vendor\\laravel\\framework\\src\\Illuminate\\View\\View.php(159): Illuminate\\View\\View->renderContents()
#13 C:\\Users\\darre\\OneDrive\\Documents\\BINUS\\BNCC\\LnT\\Back End BE-6\\Mid Project\\midproject\\vendor\\laravel\\framework\\src\\Illuminate\\Http\\Response.php(69): Illuminate\\View\\View->render()
#14 C:\\Users\\darre\\OneDrive\\Documents\\BINUS\\BNCC\\LnT\\Back End BE-6\\Mid Project\\midproject\\vendor\\laravel\\framework\\src\\Illuminate\\Http\\Response.php(35): Illuminate\\Http\\Response->setContent(Object(Illuminate\\View\\View))
#15 C:\\Users\\darre\\OneDrive\\Documents\\BINUS\\BNCC\\LnT\\Back End BE-6\\Mid Project\\midproject\\vendor\\laravel\\framework\\src\\Illuminate\\Routing\\Router.php(918): Illuminate\\Http\\Response->__construct(Object(Illuminate\\View\\View), 200, Array)
#16 C:\\Users\\darre\\OneDrive\\Documents\\BINUS\\BNCC\\LnT\\Back End BE-6\\Mid Project\\midproject\\vendor\\laravel\\framework\\src\\Illuminate\\Routing\\Router.php(885): Illuminate\\Routing\\Router::toResponse(Object(Illuminate\\Http\\Request), Object(Illuminate\\View\\View))
#17 C:\\Users\\darre\\OneDrive\\Documents\\BINUS\\BNCC\\LnT\\Back End BE-6\\Mid Project\\midproject\\vendor\\laravel\\framework\\src\\Illuminate\\Routing\\Router.php(805): Illuminate\\Routing\\Router->prepareResponse(Object(Illuminate\\Http\\Request), Object(Illuminate\\View\\View))
#18 C:\\Users\\darre\\OneDrive\\Documents\\BINUS\\BNCC\\LnT\\Back End BE-6\\Mid Project\\midproject\\vendor\\laravel\\framework\\src\\Illuminate\\Pipeline\\Pipeline.php(144): Illuminate\\Routing\\Router->Illuminate\\Routing\\{closure}(Object(Illuminate\\Http\\Request))
#19 C:\\Users\\darre\\OneDrive\\Documents\\BINUS\\BNCC\\LnT\\Back End BE-6\\Mid Project\\midproject\\vendor\\laravel\\framework\\src\\Illuminate\\Routing\\Middleware\\SubstituteBindings.php(50): Illuminate\\Pipeline\\Pipeline->Illuminate\\Pipeline\\{closure}(Object(Illuminate\\Http\\Request))
#20 C:\\Users\\darre\\OneDrive\\Documents\\BINUS\\BNCC\\LnT\\Back End BE-6\\Mid Project\\midproject\\vendor\\laravel\\framework\\src\\Illuminate\\Pipeline\\Pipeline.php(183): Illuminate\\Routing\\Middleware\\SubstituteBindings->handle(Object(Illuminate\\Http\\Request), Object(Closure))
#21 C:\\Users\\darre\\OneDrive\\Documents\\BINUS\\BNCC\\LnT\\Back End BE-6\\Mid Project\\midproject\\vendor\\laravel\\framework\\src\\Illuminate\\Foundation\\Http\\Middleware\\VerifyCsrfToken.php(78): Illuminate\\Pipeline\\Pipeline->Illuminate\\Pipeline\\{closure}(Object(Illuminate\\Http\\Request))
#22 C:\\Users\\darre\\OneDrive\\Documents\\BINUS\\BNCC\\LnT\\Back End BE-6\\Mid Project\\midproject\\vendor\\laravel\\framework\\src\\Illuminate\\Pipeline\\Pipeline.php(183): Illuminate\\Foundation\\Http\\Middleware\\VerifyCsrfToken->handle(Object(Illuminate\\Http\\Request), Object(Closure))
#23 C:\\Users\\darre\\OneDrive\\Documents\\BINUS\\BNCC\\LnT\\Back End BE-6\\Mid Project\\midproject\\vendor\\laravel\\framework\\src\\Illuminate\\View\\Middleware\\ShareErrorsFromSession.php(49): Illuminate\\Pipeline\\Pipeline->Illuminate\\Pipeline\\{closure}(Object(Illuminate\\Http\\Request))
#24 C:\\Users\\darre\\OneDrive\\Documents\\BINUS\\BNCC\\LnT\\Back End BE-6\\Mid Project\\midproject\\vendor\\laravel\\framework\\src\\Illuminate\\Pipeline\\Pipeline.php(183): Illuminate\\View\\Middleware\\ShareErrorsFromSession->handle(Object(Illuminate\\Http\\Request), Object(Closure))
#25 C:\\Users\\darre\\OneDrive\\Documents\\BINUS\\BNCC\\LnT\\Back End BE-6\\Mid Project\\midproject\\vendor\\laravel\\framework\\src\\Illuminate\\Session\\Middleware\\StartSession.php(121): Illuminate\\Pipeline\\Pipeline->Illuminate\\Pipeline\\{closure}(Object(Illuminate\\Http\\Request))
#26 C:\\Users\\darre\\OneDrive\\Documents\\BINUS\\BNCC\\LnT\\Back End BE-6\\Mid Project\\midproject\\vendor\\laravel\\framework\\src\\Illuminate\\Session\\Middleware\\StartSession.php(64): Illuminate\\Session\\Middleware\\StartSession->handleStatefulRequest(Object(Illuminate\\Http\\Request), Object(Illuminate\\Session\\Store), Object(Closure))
#27 C:\\Users\\darre\\OneDrive\\Documents\\BINUS\\BNCC\\LnT\\Back End BE-6\\Mid Project\\midproject\\vendor\\laravel\\framework\\src\\Illuminate\\Pipeline\\Pipeline.php(183): Illuminate\\Session\\Middleware\\StartSession->handle(Object(Illuminate\\Http\\Request), Object(Closure))
#28 C:\\Users\\darre\\OneDrive\\Documents\\BINUS\\BNCC\\LnT\\Back End BE-6\\Mid Project\\midproject\\vendor\\laravel\\framework\\src\\Illuminate\\Cookie\\Middleware\\AddQueuedCookiesToResponse.php(37): Illuminate\\Pipeline\\Pipeline->Illuminate\\Pipeline\\{closure}(Object(Illuminate\\Http\\Request))
#29 C:\\Users\\darre\\OneDrive\\Documents\\BINUS\\BNCC\\LnT\\Back End BE-6\\Mid Project\\midproject\\vendor\\laravel\\framework\\src\\Illuminate\\Pipeline\\Pipeline.php(183): Illuminate\\Cookie\\Middleware\\AddQueuedCookiesToResponse->handle(Object(Illuminate\\Http\\Request), Object(Closure))
#30 C:\\Users\\darre\\OneDrive\\Documents\\BINUS\\BNCC\\LnT\\Back End BE-6\\Mid Project\\midproject\\vendor\\laravel\\framework\\src\\Illuminate\\Cookie\\Middleware\\EncryptCookies.php(67): Illuminate\\Pipeline\\Pipeline->Illuminate\\Pipeline\\{closure}(Object(Illuminate\\Http\\Request))
#31 C:\\Users\\darre\\OneDrive\\Documents\\BINUS\\BNCC\\LnT\\Back End BE-6\\Mid Project\\midproject\\vendor\\laravel\\framework\\src\\Illuminate\\Pipeline\\Pipeline.php(183): Illuminate\\Cookie\\Middleware\\EncryptCookies->handle(Object(Illuminate\\Http\\Request), Object(Closure))
#32 C:\\Users\\darre\\OneDrive\\Documents\\BINUS\\BNCC\\LnT\\Back End BE-6\\Mid Project\\midproject\\vendor\\laravel\\framework\\src\\Illuminate\\Pipeline\\Pipeline.php(119): Illuminate\\Pipeline\\Pipeline->Illuminate\\Pipeline\\{closure}(Object(Illuminate\\Http\\Request))
#33 C:\\Users\\darre\\OneDrive\\Documents\\BINUS\\BNCC\\LnT\\Back End BE-6\\Mid Project\\midproject\\vendor\\laravel\\framework\\src\\Illuminate\\Routing\\Router.php(805): Illuminate\\Pipeline\\Pipeline->then(Object(Closure))
#34 C:\\Users\\darre\\OneDrive\\Documents\\BINUS\\BNCC\\LnT\\Back End BE-6\\Mid Project\\midproject\\vendor\\laravel\\framework\\src\\Illuminate\\Routing\\Router.php(784): Illuminate\\Routing\\Router->runRouteWithinStack(Object(Illuminate\\Routing\\Route), Object(Illuminate\\Http\\Request))
#35 C:\\Users\\darre\\OneDrive\\Documents\\BINUS\\BNCC\\LnT\\Back End BE-6\\Mid Project\\midproject\\vendor\\laravel\\framework\\src\\Illuminate\\Routing\\Router.php(748): Illuminate\\Routing\\Router->runRoute(Object(Illuminate\\Http\\Request), Object(Illuminate\\Routing\\Route))
#36 C:\\Users\\darre\\OneDrive\\Documents\\BINUS\\BNCC\\LnT\\Back End BE-6\\Mid Project\\midproject\\vendor\\laravel\\framework\\src\\Illuminate\\Routing\\Router.php(737): Illuminate\\Routing\\Router->dispatchToRoute(Object(Illuminate\\Http\\Request))
#37 C:\\Users\\darre\\OneDrive\\Documents\\BINUS\\BNCC\\LnT\\Back End BE-6\\Mid Project\\midproject\\vendor\\laravel\\framework\\src\\Illuminate\\Foundation\\Http\\Kernel.php(200): Illuminate\\Routing\\Router->dispatch(Object(Illuminate\\Http\\Request))
#38 C:\\Users\\darre\\OneDrive\\Documents\\BINUS\\BNCC\\LnT\\Back End BE-6\\Mid Project\\midproject\\vendor\\laravel\\framework\\src\\Illuminate\\Pipeline\\Pipeline.php(144): Illuminate\\Foundation\\Http\\Kernel->Illuminate\\Foundation\\Http\\{closure}(Object(Illuminate\\Http\\Request))
#39 C:\\Users\\darre\\OneDrive\\Documents\\BINUS\\BNCC\\LnT\\Back End BE-6\\Mid Project\\midproject\\vendor\\laravel\\framework\\src\\Illuminate\\Foundation\\Http\\Middleware\\TransformsRequest.php(21): Illuminate\\Pipeline\\Pipeline->Illuminate\\Pipeline\\{closure}(Object(Illuminate\\Http\\Request))
#40 C:\\Users\\darre\\OneDrive\\Documents\\BINUS\\BNCC\\LnT\\Back End BE-6\\Mid Project\\midproject\\vendor\\laravel\\framework\\src\\Illuminate\\Foundation\\Http\\Middleware\\ConvertEmptyStringsToNull.php(31): Illuminate\\Foundation\\Http\\Middleware\\TransformsRequest->handle(Object(Illuminate\\Http\\Request), Object(Closure))
#41 C:\\Users\\darre\\OneDrive\\Documents\\BINUS\\BNCC\\LnT\\Back End BE-6\\Mid Project\\midproject\\vendor\\laravel\\framework\\src\\Illuminate\\Pipeline\\Pipeline.php(183): Illuminate\\Foundation\\Http\\Middleware\\ConvertEmptyStringsToNull->handle(Object(Illuminate\\Http\\Request), Object(Closure))
#42 C:\\Users\\darre\\OneDrive\\Documents\\BINUS\\BNCC\\LnT\\Back End BE-6\\Mid Project\\midproject\\vendor\\laravel\\framework\\src\\Illuminate\\Foundation\\Http\\Middleware\\TransformsRequest.php(21): Illuminate\\Pipeline\\Pipeline->Illuminate\\Pipeline\\{closure}(Object(Illuminate\\Http\\Request))
#43 C:\\Users\\darre\\OneDrive\\Documents\\BINUS\\BNCC\\LnT\\Back End BE-6\\Mid Project\\midproject\\vendor\\laravel\\framework\\src\\Illuminate\\Foundation\\Http\\Middleware\\TrimStrings.php(40): Illuminate\\Foundation\\Http\\Middleware\\TransformsRequest->handle(Object(Illuminate\\Http\\Request), Object(Closure))
#44 C:\\Users\\darre\\OneDrive\\Documents\\BINUS\\BNCC\\LnT\\Back End BE-6\\Mid Project\\midproject\\vendor\\laravel\\framework\\src\\Illuminate\\Pipeline\\Pipeline.php(183): Illuminate\\Foundation\\Http\\Middleware\\TrimStrings->handle(Object(Illuminate\\Http\\Request), Object(Closure))
#45 C:\\Users\\darre\\OneDrive\\Documents\\BINUS\\BNCC\\LnT\\Back End BE-6\\Mid Project\\midproject\\vendor\\laravel\\framework\\src\\Illuminate\\Foundation\\Http\\Middleware\\ValidatePostSize.php(27): Illuminate\\Pipeline\\Pipeline->Illuminate\\Pipeline\\{closure}(Object(Illuminate\\Http\\Request))
#46 C:\\Users\\darre\\OneDrive\\Documents\\BINUS\\BNCC\\LnT\\Back End BE-6\\Mid Project\\midproject\\vendor\\laravel\\framework\\src\\Illuminate\\Pipeline\\Pipeline.php(183): Illuminate\\Foundation\\Http\\Middleware\\ValidatePostSize->handle(Object(Illuminate\\Http\\Request), Object(Closure))
#47 C:\\Users\\darre\\OneDrive\\Documents\\BINUS\\BNCC\\LnT\\Back End BE-6\\Mid Project\\midproject\\vendor\\laravel\\framework\\src\\Illuminate\\Foundation\\Http\\Middleware\\PreventRequestsDuringMaintenance.php(99): Illuminate\\Pipeline\\Pipeline->Illuminate\\Pipeline\\{closure}(Object(Illuminate\\Http\\Request))
#48 C:\\Users\\darre\\OneDrive\\Documents\\BINUS\\BNCC\\LnT\\Back End BE-6\\Mid Project\\midproject\\vendor\\laravel\\framework\\src\\Illuminate\\Pipeline\\Pipeline.php(183): Illuminate\\Foundation\\Http\\Middleware\\PreventRequestsDuringMaintenance->handle(Object(Illuminate\\Http\\Request), Object(Closure))
#49 C:\\Users\\darre\\OneDrive\\Documents\\BINUS\\BNCC\\LnT\\Back End BE-6\\Mid Project\\midproject\\vendor\\laravel\\framework\\src\\Illuminate\\Http\\Middleware\\HandleCors.php(49): Illuminate\\Pipeline\\Pipeline->Illuminate\\Pipeline\\{closure}(Object(Illuminate\\Http\\Request))
#50 C:\\Users\\darre\\OneDrive\\Documents\\BINUS\\BNCC\\LnT\\Back End BE-6\\Mid Project\\midproject\\vendor\\laravel\\framework\\src\\Illuminate\\Pipeline\\Pipeline.php(183): Illuminate\\Http\\Middleware\\HandleCors->handle(Object(Illuminate\\Http\\Request), Object(Closure))
#51 C:\\Users\\darre\\OneDrive\\Documents\\BINUS\\BNCC\\LnT\\Back End BE-6\\Mid Project\\midproject\\vendor\\laravel\\framework\\src\\Illuminate\\Http\\Middleware\\TrustProxies.php(39): Illuminate\\Pipeline\\Pipeline->Illuminate\\Pipeline\\{closure}(Object(Illuminate\\Http\\Request))
#52 C:\\Users\\darre\\OneDrive\\Documents\\BINUS\\BNCC\\LnT\\Back End BE-6\\Mid Project\\midproject\\vendor\\laravel\\framework\\src\\Illuminate\\Pipeline\\Pipeline.php(183): Illuminate\\Http\\Middleware\\TrustProxies->handle(Object(Illuminate\\Http\\Request), Object(Closure))
#53 C:\\Users\\darre\\OneDrive\\Documents\\BINUS\\BNCC\\LnT\\Back End BE-6\\Mid Project\\midproject\\vendor\\laravel\\framework\\src\\Illuminate\\Pipeline\\Pipeline.php(119): Illuminate\\Pipeline\\Pipeline->Illuminate\\Pipeline\\{closure}(Object(Illuminate\\Http\\Request))
#54 C:\\Users\\darre\\OneDrive\\Documents\\BINUS\\BNCC\\LnT\\Back End BE-6\\Mid Project\\midproject\\vendor\\laravel\\framework\\src\\Illuminate\\Foundation\\Http\\Kernel.php(175): Illuminate\\Pipeline\\Pipeline->then(Object(Closure))
#55 C:\\Users\\darre\\OneDrive\\Documents\\BINUS\\BNCC\\LnT\\Back End BE-6\\Mid Project\\midproject\\vendor\\laravel\\framework\\src\\Illuminate\\Foundation\\Http\\Kernel.php(144): Illuminate\\Foundation\\Http\\Kernel->sendRequestThroughRouter(Object(Illuminate\\Http\\Request))
#56 C:\\Users\\darre\\OneDrive\\Documents\\BINUS\\BNCC\\LnT\\Back End BE-6\\Mid Project\\midproject\\public\\index.php(51): Illuminate\\Foundation\\Http\\Kernel->handle(Object(Illuminate\\Http\\Request))
#57 C:\\Users\\darre\\OneDrive\\Documents\\BINUS\\BNCC\\LnT\\Back End BE-6\\Mid Project\\midproject\\vendor\\laravel\\framework\\src\\Illuminate\\Foundation\\resources\\server.php(16): require_once('C:\\\\Users\\\\darre\\\\...')
#58 {main}
"} 
